{
  message: 'Server is running on port 3000',
  level: 'info',
  label: 'winston custom format',
  timestamp: 'Apr-14-2024 07:15:02'
}
{
  message: 'Server is running on port 3000',
  level: 'info',
  label: 'winston custom format',
  timestamp: 'Apr-14-2024 07:15:24'
}
{
  message: 'Server is running on port 3000',
  level: 'info',
  label: 'winston custom format',
  timestamp: 'Apr-14-2024 07:15:30'
}
{
  message: 'Server is running on port 3000',
  level: 'info',
  label: 'winston custom format',
  timestamp: 'Apr-14-2024 11:06:44'
}
{
  message: 'Server is running on port 3000',
  level: 'info',
  label: 'winston custom format',
  timestamp: 'Apr-15-2024 20:14:50'
}
{
  message: 'Server is running on port 3000',
  level: 'info',
  label: 'winston custom format',
  timestamp: 'Apr-15-2024 20:16:07'
}
{
  message: 'Server is running on port 3000',
  level: 'info',
  label: 'winston custom format',
  timestamp: 'Apr-15-2024 20:17:24'
}
{
  message: 'Server is running on port 3000',
  level: 'info',
  label: 'winston custom format',
  timestamp: 'Apr-15-2024 20:18:24'
}
{
  message: 'Server is running on port 3000',
  level: 'info',
  label: 'winston custom format',
  timestamp: 'Apr-15-2024 20:21:37'
}
{
  message: 'Server is running on port 3000',
  level: 'info',
  label: 'winston custom format',
  timestamp: 'Apr-15-2024 20:22:09'
}
{
  message: 'Server is running on port 3000',
  level: 'info',
  label: 'winston custom format',
  timestamp: 'Apr-15-2024 20:22:32'
}
{
  message: 'Server is running on port 3000',
  level: 'info',
  label: 'winston custom format',
  timestamp: 'Apr-15-2024 20:22:53'
}
{
  message: 'Server is running on port 3000',
  level: 'info',
  label: 'winston custom format',
  timestamp: 'Apr-15-2024 20:23:00'
}
{
  message: 'Server is running on port 3000',
  level: 'info',
  label: 'winston custom format',
  timestamp: 'Apr-15-2024 20:24:13'
}
{
  message: 'Server is running on port 3000',
  level: 'info',
  label: 'winston custom format',
  timestamp: 'Apr-15-2024 20:24:53'
}
{
  message: 'Server is running on port 3000',
  level: 'info',
  label: 'winston custom format',
  timestamp: 'Apr-15-2024 20:25:27'
}
{
  message: 'Server is running on port 3000',
  level: 'info',
  label: 'winston custom format',
  timestamp: 'Apr-15-2024 20:25:44'
}
{
  message: 'Server is running on port 3000',
  level: 'info',
  label: 'winston custom format',
  timestamp: 'Apr-15-2024 20:34:17'
}
{
  message: 'Server is running on port 3000',
  level: 'info',
  label: 'winston custom format',
  timestamp: 'Apr-15-2024 20:36:39'
}
{
  message: 'Server is running on port 3000',
  level: 'info',
  label: 'winston custom format',
  timestamp: 'Apr-15-2024 20:36:50'
}
{
  message: 'Server is running on port 3000',
  level: 'info',
  label: 'winston custom format',
  timestamp: 'Apr-15-2024 20:37:43'
}
{
  message: 'Server is running on port 3000',
  level: 'info',
  label: 'winston custom format',
  timestamp: 'Apr-15-2024 20:38:04'
}
{
  message: 'Server is running on port 3000',
  level: 'info',
  label: 'winston custom format',
  timestamp: 'Apr-15-2024 20:39:46'
}
{
  message: 'Server is running on port 3000',
  level: 'info',
  label: 'winston custom format',
  timestamp: 'Apr-15-2024 20:40:52'
}
{
  message: 'Server is running on port 3000',
  level: 'info',
  label: 'winston custom format',
  timestamp: 'Apr-15-2024 20:41:09'
}
{
  message: 'Server is running on port 3000',
  level: 'info',
  label: 'winston custom format',
  timestamp: 'Apr-15-2024 20:42:53'
}
{
  message: 'Server is running on port 3000',
  level: 'info',
  label: 'winston custom format',
  timestamp: 'Apr-16-2024 05:42:19'
}
{
  message: 'Server is running on port 3000',
  level: 'info',
  label: 'winston custom format',
  timestamp: 'Apr-16-2024 05:43:16'
}
{
  message: 'Server is running on port 3000',
  level: 'info',
  label: 'winston custom format',
  timestamp: 'Apr-16-2024 05:44:35'
}
{
  message: 'Server is running on port 3000',
  level: 'info',
  label: 'winston custom format',
  timestamp: 'Apr-16-2024 05:45:09'
}
{
  message: 'Server is running on port 3000',
  level: 'info',
  label: 'winston custom format',
  timestamp: 'Apr-16-2024 05:45:32'
}
{
  message: 'Server is running on port 3000',
  level: 'info',
  label: 'winston custom format',
  timestamp: 'Apr-16-2024 05:46:04'
}
{
  message: 'Server is running on port 3000',
  level: 'info',
  label: 'winston custom format',
  timestamp: 'Apr-16-2024 05:46:40'
}
{
  message: 'Server is running on port 3000',
  level: 'info',
  label: 'winston custom format',
  timestamp: 'Apr-16-2024 05:46:58'
}
{
  message: 'Server is running on port 3000',
  level: 'info',
  label: 'winston custom format',
  timestamp: 'Apr-16-2024 05:47:09'
}
{
  message: 'Server is running on port 3000',
  level: 'info',
  label: 'winston custom format',
  timestamp: 'Apr-16-2024 05:51:01'
}
{
  message: 'Server is running on port 3000',
  level: 'info',
  label: 'winston custom format',
  timestamp: 'Apr-16-2024 05:51:18'
}
{
  message: 'Server is running on port 3000',
  level: 'info',
  label: 'winston custom format',
  timestamp: 'Apr-16-2024 05:51:33'
}
{
  message: 'Server is running on port 3000',
  level: 'info',
  label: 'winston custom format',
  timestamp: 'Apr-16-2024 05:52:51'
}
{
  message: 'Server is running on port 3000',
  level: 'info',
  label: 'winston custom format',
  timestamp: 'Apr-16-2024 05:52:57'
}
{
  message: 'Server is running on port 3000',
  level: 'info',
  label: 'winston custom format',
  timestamp: 'Apr-16-2024 05:55:08'
}
{
  message: 'Server is running on port 3000',
  level: 'info',
  label: 'winston custom format',
  timestamp: 'Apr-16-2024 05:57:10'
}
{
  message: 'Server is running on port 3000',
  level: 'info',
  label: 'winston custom format',
  timestamp: 'Apr-16-2024 05:57:15'
}
{
  message: 'Server is running on port 3000',
  level: 'info',
  label: 'winston custom format',
  timestamp: 'Apr-16-2024 05:58:26'
}
{
  message: 'Server is running on port 3000',
  level: 'info',
  label: 'winston custom format',
  timestamp: 'Apr-16-2024 05:58:39'
}
{
  message: 'Server is running on port 3000',
  level: 'info',
  label: 'winston custom format',
  timestamp: 'Apr-16-2024 06:04:29'
}
{
  message: 'Server is running on port 3000',
  level: 'info',
  label: 'winston custom format',
  timestamp: 'Apr-16-2024 06:04:39'
}
{
  message: 'Server is running on port 3000',
  level: 'info',
  label: 'winston custom format',
  timestamp: 'Apr-16-2024 06:05:18'
}
{
  message: 'Server is running on port 3000',
  level: 'info',
  label: 'winston custom format',
  timestamp: 'Apr-16-2024 06:05:24'
}
{
  message: 'Server is running on port 3000',
  level: 'info',
  label: 'winston custom format',
  timestamp: 'Apr-16-2024 06:05:38'
}
{
  message: 'Server is running on port 3000',
  level: 'info',
  label: 'winston custom format',
  timestamp: 'Apr-16-2024 06:05:44'
}
{
  message: 'Server is running on port 3000',
  level: 'info',
  label: 'winston custom format',
  timestamp: 'Apr-16-2024 06:06:17'
}
{
  message: 'Server is running on port 3000',
  level: 'info',
  label: 'winston custom format',
  timestamp: 'Apr-16-2024 06:09:36'
}
{
  message: 'Server is running on port 3000',
  level: 'info',
  label: 'winston custom format',
  timestamp: 'Apr-16-2024 06:09:48'
}
{
  message: 'Server is running on port 3000',
  level: 'info',
  label: 'winston custom format',
  timestamp: 'Apr-16-2024 06:10:26'
}
{
  message: 'Server is running on port 3000',
  level: 'info',
  label: 'winston custom format',
  timestamp: 'Apr-16-2024 06:10:58'
}
{
  message: 'Server is running on port 3000',
  level: 'info',
  label: 'winston custom format',
  timestamp: 'Apr-16-2024 06:11:39'
}
{
  message: 'Server is running on port 3000',
  level: 'info',
  label: 'winston custom format',
  timestamp: 'Apr-16-2024 06:11:53'
}
{
  message: 'Server is running on port 3000',
  level: 'info',
  label: 'winston custom format',
  timestamp: 'Apr-16-2024 06:12:34'
}
{
  message: 'Server is running on port 3000',
  level: 'info',
  label: 'winston custom format',
  timestamp: 'Apr-16-2024 06:12:39'
}
{
  message: 'Server is running on port 3000',
  level: 'info',
  label: 'winston custom format',
  timestamp: 'Apr-16-2024 06:12:57'
}
{
  message: 'Server is running on port 3000',
  level: 'info',
  label: 'winston custom format',
  timestamp: 'Apr-16-2024 06:13:59'
}
{
  message: 'Server is running on port 3000',
  level: 'info',
  label: 'winston custom format',
  timestamp: 'Apr-16-2024 06:14:14'
}
{
  message: 'Server is running on port 3000',
  level: 'info',
  label: 'winston custom format',
  timestamp: 'Apr-16-2024 06:16:22'
}
{
  message: 'Server is running on port 3000',
  level: 'info',
  label: 'winston custom format',
  timestamp: 'Apr-16-2024 06:16:30'
}
{
  message: 'Server is running on port 3000',
  level: 'info',
  label: 'winston custom format',
  timestamp: 'Apr-16-2024 06:18:27'
}
{
  message: 'Server is running on port 3000',
  level: 'info',
  label: 'winston custom format',
  timestamp: 'Apr-16-2024 06:19:13'
}
{
  message: 'Server is running on port 3000',
  level: 'info',
  label: 'winston custom format',
  timestamp: 'Apr-16-2024 06:19:32'
}
{
  message: 'Server is running on port 3000',
  level: 'info',
  label: 'winston custom format',
  timestamp: 'Apr-16-2024 06:20:20'
}
{
  message: 'Server is running on port 3000',
  level: 'info',
  label: 'winston custom format',
  timestamp: 'Apr-16-2024 06:21:22'
}
{
  message: 'Server is running on port 3000',
  level: 'info',
  label: 'winston custom format',
  timestamp: 'Apr-16-2024 06:21:48'
}
{
  message: 'Server is running on port 3000',
  level: 'info',
  label: 'winston custom format',
  timestamp: 'Apr-16-2024 06:23:59'
}
{
  message: 'Server is running on port 3000',
  level: 'info',
  label: 'winston custom format',
  timestamp: 'Apr-16-2024 06:24:37'
}
{
  message: 'Server is running on port 3000',
  level: 'info',
  label: 'winston custom format',
  timestamp: 'Apr-16-2024 06:24:51'
}
{
  message: 'Server is running on port 3000',
  level: 'info',
  label: 'winston custom format',
  timestamp: 'Apr-16-2024 06:25:08'
}
{
  message: 'Server is running on port 3000',
  level: 'info',
  label: 'winston custom format',
  timestamp: 'Apr-16-2024 06:25:20'
}
{
  message: 'Server is running on port 3000',
  level: 'info',
  label: 'winston custom format',
  timestamp: 'Apr-16-2024 06:26:24'
}
{
  message: 'Server is running on port 3000',
  level: 'info',
  label: 'winston custom format',
  timestamp: 'Apr-16-2024 06:26:29'
}
{
  message: 'Server is running on port 3000',
  level: 'info',
  label: 'winston custom format',
  timestamp: 'Apr-16-2024 06:26:35'
}
{
  message: 'Server is running on port 3000',
  level: 'info',
  label: 'winston custom format',
  timestamp: 'Apr-16-2024 06:27:02'
}
{
  message: 'Server is running on port 3000',
  level: 'info',
  label: 'winston custom format',
  timestamp: 'Apr-16-2024 06:27:18'
}
{
  message: 'Server is running on port 3000',
  level: 'info',
  label: 'winston custom format',
  timestamp: 'Apr-16-2024 06:27:32'
}
{
  message: 'Server is running on port 3000',
  level: 'info',
  label: 'winston custom format',
  timestamp: 'Apr-16-2024 06:27:37'
}
{
  message: 'Server is running on port 3000',
  level: 'info',
  label: 'winston custom format',
  timestamp: 'Apr-16-2024 06:29:34'
}
{
  message: 'Server is running on port 3000',
  level: 'info',
  label: 'winston custom format',
  timestamp: 'Apr-16-2024 06:29:57'
}
{
  message: 'Server is running on port 3000',
  level: 'info',
  label: 'winston custom format',
  timestamp: 'Apr-16-2024 06:30:11'
}
{
  message: 'Server is running on port 3000',
  level: 'info',
  label: 'winston custom format',
  timestamp: 'Apr-16-2024 06:30:22'
}
{
  message: 'Server is running on port 3000',
  level: 'info',
  label: 'winston custom format',
  timestamp: 'Apr-16-2024 06:31:24'
}
{
  message: 'Server is running on port 3000',
  level: 'info',
  label: 'winston custom format',
  timestamp: 'Apr-16-2024 06:46:33'
}
{
  message: 'Server is running on port 3000',
  level: 'info',
  label: 'winston custom format',
  timestamp: 'Apr-16-2024 06:47:12'
}
{
  message: 'Server is running on port 3000',
  level: 'info',
  label: 'winston custom format',
  timestamp: 'Apr-17-2024 20:40:02'
}
{
  message: 'Server is running on port 3000',
  level: 'info',
  label: 'winston custom format',
  timestamp: 'Apr-17-2024 20:40:23'
}
{
  message: 'Server is running on port 3000',
  level: 'info',
  label: 'winston custom format',
  timestamp: 'Apr-17-2024 20:42:37'
}
{
  message: 'Server is running on port 3000',
  level: 'info',
  label: 'winston custom format',
  timestamp: 'Apr-17-2024 20:48:52'
}
{
  message: 'Server is running on port 3000',
  level: 'info',
  label: 'winston custom format',
  timestamp: 'Apr-17-2024 20:49:10'
}
{
  message: 'Server is running on port 3000',
  level: 'info',
  label: 'winston custom format',
  timestamp: 'Apr-17-2024 20:49:34'
}
{
  message: 'Server is running on port 3000',
  level: 'info',
  label: 'winston custom format',
  timestamp: 'Apr-17-2024 20:50:43'
}
{
  message: 'Server is running on port 3000',
  level: 'info',
  label: 'winston custom format',
  timestamp: 'Apr-17-2024 20:50:51'
}
{
  message: 'Server is running on port 3000',
  level: 'info',
  label: 'winston custom format',
  timestamp: 'Apr-17-2024 20:51:17'
}
{
  message: 'Server is running on port 3000',
  level: 'info',
  label: 'winston custom format',
  timestamp: 'Apr-17-2024 20:52:22'
}
{
  message: 'Server is running on port 3000',
  level: 'info',
  label: 'winston custom format',
  timestamp: 'Apr-17-2024 20:52:28'
}
{
  message: 'Server is running on port 3000',
  level: 'info',
  label: 'winston custom format',
  timestamp: 'Apr-17-2024 20:53:06'
}
{
  message: 'Server is running on port 3000',
  level: 'info',
  label: 'winston custom format',
  timestamp: 'Apr-17-2024 20:53:59'
}
{
  message: 'Server is running on port 3000',
  level: 'info',
  label: 'winston custom format',
  timestamp: 'Apr-17-2024 20:54:18'
}
{
  message: 'Server is running on port 3000',
  level: 'info',
  label: 'winston custom format',
  timestamp: 'Apr-17-2024 20:54:58'
}
{
  message: 'Server is running on port 3000',
  level: 'info',
  label: 'winston custom format',
  timestamp: 'Apr-17-2024 20:55:28'
}
{
  message: 'Server is running on port 3000',
  level: 'info',
  label: 'winston custom format',
  timestamp: 'Apr-17-2024 20:55:50'
}
{
  message: 'Server is running on port 3000',
  level: 'info',
  label: 'winston custom format',
  timestamp: 'Apr-17-2024 20:56:08'
}
{
  message: 'Server is running on port 3000',
  level: 'info',
  label: 'winston custom format',
  timestamp: 'Apr-17-2024 20:56:37'
}
{
  message: 'Server is running on port 3000',
  level: 'info',
  label: 'winston custom format',
  timestamp: 'Apr-17-2024 20:57:07'
}
{
  message: 'Server is running on port 3000',
  level: 'info',
  label: 'winston custom format',
  timestamp: 'Apr-17-2024 20:57:40'
}
{
  message: 'Server is running on port 3000',
  level: 'info',
  label: 'winston custom format',
  timestamp: 'Apr-17-2024 20:57:56'
}
{
  message: 'Server is running on port 3000',
  level: 'info',
  label: 'winston custom format',
  timestamp: 'Apr-17-2024 20:57:58'
}
{
  message: 'Server is running on port 3000',
  level: 'info',
  label: 'winston custom format',
  timestamp: 'Apr-17-2024 20:58:32'
}
{
  message: 'Server is running on port 3000',
  level: 'info',
  label: 'winston custom format',
  timestamp: 'Apr-17-2024 21:00:15'
}
{
  message: 'Server is running on port 3000',
  level: 'info',
  label: 'winston custom format',
  timestamp: 'Apr-17-2024 21:00:24'
}
{
  message: 'Server is running on port 3000',
  level: 'info',
  label: 'winston custom format',
  timestamp: 'Apr-17-2024 21:01:28'
}
{
  message: 'Server is running on port 3000',
  level: 'info',
  label: 'winston custom format',
  timestamp: 'Apr-17-2024 21:02:24'
}
{
  message: 'Server is running on port 3000',
  level: 'info',
  label: 'winston custom format',
  timestamp: 'Apr-17-2024 21:02:40'
}
{
  message: 'Server is running on port 3000',
  level: 'info',
  label: 'winston custom format',
  timestamp: 'Apr-17-2024 21:03:18'
}
{
  message: 'Server is running on port 3000',
  level: 'info',
  label: 'winston custom format',
  timestamp: 'Apr-17-2024 21:04:40'
}
{
  message: 'Server is running on port 3000',
  level: 'info',
  label: 'winston custom format',
  timestamp: 'Apr-17-2024 21:04:55'
}
{
  message: 'Server is running on port 3000',
  level: 'info',
  label: 'winston custom format',
  timestamp: 'Apr-17-2024 21:05:05'
}
{
  message: 'Server is running on port 3000',
  level: 'info',
  label: 'winston custom format',
  timestamp: 'Apr-17-2024 21:07:00'
}
{
  message: 'Server is running on port 3000',
  level: 'info',
  label: 'winston custom format',
  timestamp: 'Apr-17-2024 21:08:37'
}
{
  message: 'Server is running on port 3000',
  level: 'info',
  label: 'winston custom format',
  timestamp: 'Apr-17-2024 21:09:33'
}
{
  message: 'Server is running on port 3000',
  level: 'info',
  label: 'winston custom format',
  timestamp: 'Apr-17-2024 21:09:45'
}
{
  message: 'Server is running on port 3000',
  level: 'info',
  label: 'winston custom format',
  timestamp: 'Apr-17-2024 21:10:11'
}
{
  message: 'Server is running on port 3000',
  level: 'info',
  label: 'winston custom format',
  timestamp: 'Apr-17-2024 21:10:27'
}
{
  message: 'Server is running on port 3000',
  level: 'info',
  label: 'winston custom format',
  timestamp: 'Apr-17-2024 21:10:46'
}
{
  message: 'Server is running on port 3000',
  level: 'info',
  label: 'winston custom format',
  timestamp: 'Apr-17-2024 21:11:05'
}
{
  message: 'Server is running on port 3000',
  level: 'info',
  label: 'winston custom format',
  timestamp: 'Apr-17-2024 21:11:31'
}
{
  message: 'Server is running on port 3000',
  level: 'info',
  label: 'winston custom format',
  timestamp: 'Apr-17-2024 21:11:44'
}
{
  message: 'Server is running on port 3000',
  level: 'info',
  label: 'winston custom format',
  timestamp: 'Apr-17-2024 21:13:17'
}
{
  message: 'Server is running on port 3000',
  level: 'info',
  label: 'winston custom format',
  timestamp: 'Apr-17-2024 21:13:55'
}
{
  message: 'Server is running on port 3000',
  level: 'info',
  label: 'winston custom format',
  timestamp: 'Apr-18-2024 05:45:12'
}
{
  message: 'Server is running on port 3000',
  level: 'info',
  label: 'winston custom format',
  timestamp: 'Apr-18-2024 05:46:11'
}
{
  message: 'Server is running on port 3000',
  level: 'info',
  label: 'winston custom format',
  timestamp: 'Apr-18-2024 06:51:06'
}
{
  message: 'Server is running on port 3000',
  level: 'info',
  label: 'winston custom format',
  timestamp: 'Apr-18-2024 06:51:29'
}
{
  message: 'Server is running on port 3000',
  level: 'info',
  label: 'winston custom format',
  timestamp: 'Apr-18-2024 06:52:01'
}
{
  message: 'Server is running on port 3000',
  level: 'info',
  label: 'winston custom format',
  timestamp: 'Apr-18-2024 06:56:40'
}
{
  message: 'Server is running on port 3000',
  level: 'info',
  label: 'winston custom format',
  timestamp: 'Apr-18-2024 06:56:57'
}
{
  message: 'Server is running on port 3000',
  level: 'info',
  label: 'winston custom format',
  timestamp: 'Apr-18-2024 06:57:21'
}
{
  message: 'Server is running on port 3000',
  level: 'info',
  label: 'winston custom format',
  timestamp: 'Apr-18-2024 06:57:44'
}
{
  message: 'Server is running on port 3000',
  level: 'info',
  label: 'winston custom format',
  timestamp: 'Apr-18-2024 07:17:14'
}
{
  message: 'Server is running on port 3000',
  level: 'info',
  label: 'winston custom format',
  timestamp: 'Apr-18-2024 07:17:39'
}
{
  message: 'Server is running on port 3000',
  level: 'info',
  label: 'winston custom format',
  timestamp: 'Apr-18-2024 07:17:43'
}
{
  message: 'Server is running on port 3000',
  level: 'info',
  label: 'winston custom format',
  timestamp: 'Apr-18-2024 07:18:16'
}
{
  message: 'Server is running on port 3000',
  level: 'info',
  label: 'winston custom format',
  timestamp: 'Apr-18-2024 07:44:30'
}
{
  message: 'Server is running on port 3000',
  level: 'info',
  label: 'winston custom format',
  timestamp: 'Apr-18-2024 07:59:26'
}
{
  message: 'Server is running on port 3000',
  level: 'info',
  label: 'winston custom format',
  timestamp: 'Apr-18-2024 07:59:33'
}
{
  message: 'Server is running on port 3000',
  level: 'info',
  label: 'winston custom format',
  timestamp: 'Apr-18-2024 09:28:18'
}
{
  message: 'Server is running on port 3000',
  level: 'info',
  label: 'winston custom format',
  timestamp: 'Apr-18-2024 09:30:05'
}
{
  message: 'Server is running on port 3000',
  level: 'info',
  label: 'winston custom format',
  timestamp: 'Apr-18-2024 10:03:13'
}
{
  message: 'Server is running on port 3000',
  level: 'info',
  label: 'winston custom format',
  timestamp: 'Apr-18-2024 10:50:51'
}
{
  message: 'Server is running on port 3000',
  level: 'info',
  label: 'winston custom format',
  timestamp: 'Apr-20-2024 08:19:04'
}
{
  message: 'Server is running on port 3000',
  level: 'info',
  label: 'winston custom format',
  timestamp: 'Apr-20-2024 08:19:51'
}
{
  message: 'Server is running on port 3000',
  level: 'info',
  label: 'winston custom format',
  timestamp: 'Apr-20-2024 08:20:05'
}
{
  message: 'Server is running on port 3000',
  level: 'info',
  label: 'winston custom format',
  timestamp: 'Apr-20-2024 08:20:33'
}
{
  message: 'Server is running on port 3000',
  level: 'info',
  label: 'winston custom format',
  timestamp: 'Apr-20-2024 08:21:19'
}
{
  message: 'Server is running on port 3000',
  level: 'info',
  label: 'winston custom format',
  timestamp: 'Apr-20-2024 08:21:45'
}
{
  message: 'Server is running on port 3000',
  level: 'info',
  label: 'winston custom format',
  timestamp: 'Apr-20-2024 08:23:46'
}
{
  message: 'Server is running on port 3000',
  level: 'info',
  label: 'winston custom format',
  timestamp: 'Apr-20-2024 08:24:18'
}
{
  message: 'Server is running on port 3000',
  level: 'info',
  label: 'winston custom format',
  timestamp: 'Apr-20-2024 08:37:17'
}
{
  message: 'Server is running on port 3000',
  level: 'info',
  label: 'winston custom format',
  timestamp: 'Apr-20-2024 08:37:24'
}
{
  message: 'Server is running on port 3000',
  level: 'info',
  label: 'winston custom format',
  timestamp: 'Apr-20-2024 08:37:55'
}
{
  message: 'Server is running on port 3000',
  level: 'info',
  label: 'winston custom format',
  timestamp: 'Apr-20-2024 08:37:57'
}
{
  message: 'Server is running on port 3000',
  level: 'info',
  label: 'winston custom format',
  timestamp: 'Apr-20-2024 08:38:01'
}
{
  message: 'Server is running on port 3000',
  level: 'info',
  label: 'winston custom format',
  timestamp: 'Apr-20-2024 08:41:22'
}
{
  message: 'Server is running on port 3000',
  level: 'info',
  label: 'winston custom format',
  timestamp: 'Apr-20-2024 08:41:29'
}
{
  message: 'Server is running on port 3000',
  level: 'info',
  label: 'winston custom format',
  timestamp: 'Apr-20-2024 08:41:47'
}
{
  message: 'Server is running on port 3000',
  level: 'info',
  label: 'winston custom format',
  timestamp: 'Apr-20-2024 08:42:06'
}
{
  message: 'Server is running on port 3000',
  level: 'info',
  label: 'winston custom format',
  timestamp: 'Apr-20-2024 08:42:10'
}
{
  message: 'Server is running on port 3000',
  level: 'info',
  label: 'winston custom format',
  timestamp: 'Apr-20-2024 08:43:34'
}
{
  message: 'Server is running on port 3000',
  level: 'info',
  label: 'winston custom format',
  timestamp: 'Apr-25-2024 08:56:15'
}
{
  message: 'Server is running on port 3000',
  level: 'info',
  label: 'winston custom format',
  timestamp: 'Apr-26-2024 16:21:46'
}
{
  message: 'Server is running on port 3000',
  level: 'info',
  label: 'winston custom format',
  timestamp: 'Apr-26-2024 16:23:32'
}
{
  message: 'Server is running on port 3000',
  level: 'info',
  label: 'winston custom format',
  timestamp: 'Apr-26-2024 16:26:14'
}
{
  message: 'Server is running on port 3000',
  level: 'info',
  label: 'winston custom format',
  timestamp: 'Apr-26-2024 16:26:48'
}
{
  message: 'Server is running on port 3000',
  level: 'info',
  label: 'winston custom format',
  timestamp: 'Apr-26-2024 16:28:41'
}
{
  message: 'Server is running on port 3000',
  level: 'info',
  label: 'winston custom format',
  timestamp: 'Apr-26-2024 16:30:52'
}
{
  message: 'Server is running on port 3000',
  level: 'info',
  label: 'winston custom format',
  timestamp: 'Apr-26-2024 16:35:41'
}
{
  message: 'Server is running on port 3000',
  level: 'info',
  label: 'winston custom format',
  timestamp: 'Apr-26-2024 16:41:38'
}
{
  message: 'Server is running on port 3000',
  level: 'info',
  label: 'winston custom format',
  timestamp: 'Apr-26-2024 16:48:56'
}
{
  message: 'Server is running on port 3000',
  level: 'info',
  label: 'winston custom format',
  timestamp: 'Apr-26-2024 16:55:01'
}
{
  message: 'Server is running on port 3000',
  level: 'info',
  label: 'winston custom format',
  timestamp: 'Apr-26-2024 16:58:24'
}
{
  message: 'Server is running on port 3000',
  level: 'info',
  label: 'winston custom format',
  timestamp: 'May-03-2024 07:06:37'
}
{
  message: 'Server is running on port 3000',
  level: 'info',
  label: 'winston custom format',
  timestamp: 'May-03-2024 07:07:30'
}
